<?xml version="1.0" encoding="UTF-8"?>
<testng-results ignored="0" total="1" passed="1" failed="0" skipped="0">
  <reporter-output>
  </reporter-output>
  <suite started-at="2020-05-28T21:20:09 IST" name="Default suite" finished-at="2020-05-28T21:20:31 IST" duration-ms="22463">
    <groups>
    </groups>
    <test started-at="2020-05-28T21:20:09 IST" name="Default test" finished-at="2020-05-28T21:20:31 IST" duration-ms="22463">
      <class name="democart.Testcase">
        <test-method is-config="true" signature="start()[pri:0, instance:democart.Testcase@3901d134]" started-at="2020-05-28T21:20:09 IST" name="start" finished-at="2020-05-28T21:20:21 IST" duration-ms="12066" status="PASS">
          <reporter-output>
          </reporter-output>
        </test-method> <!-- start -->
        <test-method signature="testing()[pri:0, instance:democart.Testcase@3901d134]" started-at="2020-05-28T21:20:21 IST" name="testing" finished-at="2020-05-28T21:20:30 IST" duration-ms="9401" status="PASS">
          <reporter-output>
          </reporter-output>
        </test-method> <!-- testing -->
        <test-method is-config="true" signature="closeapp()[pri:0, instance:democart.Testcase@3901d134]" started-at="2020-05-28T21:20:30 IST" name="closeapp" finished-at="2020-05-28T21:20:31 IST" duration-ms="908" status="PASS">
          <reporter-output>
          </reporter-output>
        </test-method> <!-- closeapp -->
      </class> <!-- democart.Testcase -->
    </test> <!-- Default test -->
  </suite> <!-- Default suite -->
</testng-results>
