<?xml version="1.0" encoding="UTF-8"?>
<testng-results ignored="0" total="1" passed="1" failed="0" skipped="0">
  <reporter-output>
  </reporter-output>
  <suite started-at="2020-04-29T14:17:32 IST" name="Default suite" finished-at="2020-04-29T14:18:01 IST" duration-ms="28989">
    <groups>
    </groups>
    <test started-at="2020-04-29T14:17:32 IST" name="Default test" finished-at="2020-04-29T14:18:01 IST" duration-ms="28989">
      <class name="democart.Testcase">
        <test-method is-config="true" signature="start()[pri:0, instance:democart.Testcase@2a32de6c]" started-at="2020-04-29T14:17:32 IST" name="start" finished-at="2020-04-29T14:17:46 IST" duration-ms="14559" status="PASS">
          <reporter-output>
          </reporter-output>
        </test-method> <!-- start -->
        <test-method signature="testing()[pri:0, instance:democart.Testcase@2a32de6c]" started-at="2020-04-29T14:17:46 IST" name="testing" finished-at="2020-04-29T14:18:00 IST" duration-ms="13451" status="PASS">
          <reporter-output>
          </reporter-output>
        </test-method> <!-- testing -->
        <test-method is-config="true" signature="closeapp()[pri:0, instance:democart.Testcase@2a32de6c]" started-at="2020-04-29T14:18:00 IST" name="closeapp" finished-at="2020-04-29T14:18:01 IST" duration-ms="911" status="PASS">
          <reporter-output>
          </reporter-output>
        </test-method> <!-- closeapp -->
      </class> <!-- democart.Testcase -->
    </test> <!-- Default test -->
  </suite> <!-- Default suite -->
</testng-results>
